<?xml version="1.0" encoding="UTF-8"?>
<!-- Generated by org.testng.reporters.JUnitXMLReporter -->
<testsuite ignored="0" hostname="LAPTOP-4IP4GO2S" failures="0" tests="3" name="Test" time="46.456" errors="0" timestamp="2023-08-05T17:50:57 IST">
  <testcase classname="testcases.SearchTestCases" name="Search" time="13.087"/>
  <testcase classname="testcases.logintestcases" name="Login" time="2.493"/>
  <testcase classname="testcases.RegisterTestCases" name="verifyRegister" time="10.032"/>
</testsuite> <!-- Test -->
